<?xml version="1.0" encoding="UTF-8"?>
<testng-results skipped="0" failed="0" total="1" passed="1">
  <reporter-output>
  </reporter-output>
  <suite name="Default suite" duration-ms="36205" started-at="2016-10-12T09:10:17Z" finished-at="2016-10-12T09:10:54Z">
    <groups>
    </groups>
    <test name="Default test" duration-ms="36205" started-at="2016-10-12T09:10:17Z" finished-at="2016-10-12T09:10:54Z">
      <class name="cm.hwl.seleniums.TestBrowsers">
        <test-method status="PASS" signature="before()[pri:0, instance:cm.hwl.seleniums.TestBrowsers@308a95d2]" name="before" is-config="true" duration-ms="9001" started-at="2016-10-12T17:10:17Z" finished-at="2016-10-12T17:10:26Z">
          <reporter-output>
          </reporter-output>
        </test-method> <!-- before -->
        <test-method status="PASS" signature="SelectItemFromDropDownList()[pri:0, instance:cm.hwl.seleniums.TestBrowsers@308a95d2]" name="SelectItemFromDropDownList" duration-ms="27195" started-at="2016-10-12T17:10:26Z" finished-at="2016-10-12T17:10:54Z">
          <reporter-output>
          </reporter-output>
        </test-method> <!-- SelectItemFromDropDownList -->
      </class> <!-- cm.hwl.seleniums.TestBrowsers -->
    </test> <!-- Default test -->
  </suite> <!-- Default suite -->
</testng-results>
